# JRE version: Java(TM) SE Runtime Environment (8.0_51-b16) (build 1.8.0_51-b16)
# Java VM: Java HotSpot(TM) 64-Bit Server VM (25.51-b03 mixed mode windows-amd64 compressed oops)
Heap:
 garbage-first heap   total 5734400K, used 253633K [0x0000000610000000, 0x0000000612000578, 0x00000007c0000000)
  region size 32768K, 1 young (32768K), 1 survivors (32768K)
 Metaspace       used 41891K, capacity 45345K, committed 45596K, reserved 1087488K
  class space    used 6396K, capacity 7419K, committed 7500K, reserved 1048576K
GC Heap History (10 events):
Event: 28.054 GC heap after
Heap after GC invocations=25 (full 0):
 garbage-first heap   total 2785280K, used 237334K [0x0000000610000000, 0x00000006120002a8, 0x00000007c0000000)
  region size 32768K, 1 young (32768K), 1 survivors (32768K)
 Metaspace       used 41470K, capacity 44859K, committed 44956K, reserved 1087488K
  class space    used 6347K, capacity 7356K, committed 7372K, reserved 1048576K
}
Event: 29.914 GC heap before
{Heap before GC invocations=25 (full 0):
 garbage-first heap   total 2785280K, used 335638K [0x0000000610000000, 0x00000006120002a8, 0x00000007c0000000)
  region size 32768K, 4 young (131072K), 1 survivors (32768K)
 Metaspace       used 41677K, capacity 45121K, committed 45340K, reserved 1087488K
  class space    used 6380K, capacity 7387K, committed 7500K, reserved 1048576K
Event: 30.165 GC heap after
Heap after GC invocations=26 (full 0):
 garbage-first heap   total 3670016K, used 247140K [0x0000000610000000, 0x0000000612000380, 0x00000007c0000000)
  region size 32768K, 1 young (32768K), 1 survivors (32768K)
 Metaspace       used 41677K, capacity 45121K, committed 45340K, reserved 1087488K
  class space    used 6380K, capacity 7387K, committed 7500K, reserved 1048576K
}
Event: 30.912 GC heap before
{Heap before GC invocations=26 (full 0):
 garbage-first heap   total 3670016K, used 345444K [0x0000000610000000, 0x0000000612000380, 0x00000007c0000000)
  region size 32768K, 4 young (131072K), 1 survivors (32768K)
 Metaspace       used 41765K, capacity 45217K, committed 45596K, reserved 1087488K
  class space    used 6385K, capacity 7419K, committed 7500K, reserved 1048576K
Event: 31.288 GC heap after
Heap after GC invocations=27 (full 0):
 garbage-first heap   total 4358144K, used 252215K [0x0000000610000000, 0x0000000612000428, 0x00000007c0000000)
  region size 32768K, 1 young (32768K), 1 survivors (32768K)
 Metaspace       used 41765K, capacity 45217K, committed 45596K, reserved 1087488K
  class space    used 6385K, capacity 7419K, committed 7500K, reserved 1048576K
}
Event: 32.160 GC heap before
{Heap before GC invocations=27 (full 0):
 garbage-first heap   total 4358144K, used 350519K [0x0000000610000000, 0x0000000612000428, 0x00000007c0000000)
  region size 32768K, 4 young (131072K), 1 survivors (32768K)
 Metaspace       used 41863K, capacity 45281K, committed 45596K, reserved 1087488K
  class space    used 6392K, capacity 7419K, committed 7500K, reserved 1048576K
Event: 32.354 GC heap after
Heap after GC invocations=28 (full 0):
 garbage-first heap   total 4915200K, used 255628K [0x0000000610000000, 0x00000006120004b0, 0x00000007c0000000)
  region size 32768K, 1 young (32768K), 1 survivors (32768K)
 Metaspace       used 41863K, capacity 45281K, committed 45596K, reserved 1087488K
  class space    used 6392K, capacity 7419K, committed 7500K, reserved 1048576K
}
Event: 32.827 GC heap before
{Heap before GC invocations=28 (full 0):
 garbage-first heap   total 4915200K, used 353932K [0x0000000610000000, 0x00000006120004b0, 0x00000007c0000000)
  region size 32768K, 4 young (131072K), 1 survivors (32768K)
 Metaspace       used 41889K, capacity 45345K, committed 45596K, reserved 1087488K
  class space    used 6396K, capacity 7419K, committed 7500K, reserved 1048576K
Event: 32.996 GC heap after
Heap after GC invocations=29 (full 0):
 garbage-first heap   total 5373952K, used 261657K [0x0000000610000000, 0x0000000612000520, 0x00000007c0000000)
  region size 32768K, 1 young (32768K), 1 survivors (32768K)
 Metaspace       used 41889K, capacity 45345K, committed 45596K, reserved 1087488K
  class space    used 6396K, capacity 7419K, committed 7500K, reserved 1048576K
}
Event: 33.217 GC heap before
{Heap before GC invocations=29 (full 0):
 garbage-first heap   total 5373952K, used 359961K [0x0000000610000000, 0x0000000612000520, 0x00000007c0000000)
  region size 32768K, 4 young (131072K), 1 survivors (32768K)
 Metaspace       used 41891K, capacity 45345K, committed 45596K, reserved 1087488K
  class space    used 6396K, capacity 7419K, committed 7500K, reserved 1048576K

